Using pre-set license
Built from '2020.3/staging' branch; Version is '2020.3.25f1 (9b9180224418) revision 10195328'; Using compiler version '192528614'; Build Type 'Release'
OS: 'Windows 10  (10.0.19044) 64bit Core' Language: 'es' Physical Memory: 6057 MB
BatchMode: 1, IsHumanControllingUs: 0, StartBugReporterOnCrash: 0, Is64bit: 1, IsPro: 0

COMMAND LINE ARGUMENTS:
C:\Program Files\Unity\Hub\Editor\2020.3.25f1\Editor\Unity.exe
-adb2
-batchMode
-noUpm
-name
AssetImportWorker0
-projectPath
C:/Users/leoqu/Developer/Projects/Unity/Master Of Sky
-logFile
Logs/AssetImportWorker0.log
-srvPort
63643
Successfully changed project path to: C:/Users/leoqu/Developer/Projects/Unity/Master Of Sky
C:/Users/leoqu/Developer/Projects/Unity/Master Of Sky
Using Asset Import Pipeline V2.
Refreshing native plugins compatible for Editor in 57.43 ms, found 3 plugins.
Preloading 0 native plugins for Editor in 0.00 ms.
Initialize engine version: 2020.3.25f1 (9b9180224418)
[Subsystems] Discovering subsystems at path C:/Program Files/Unity/Hub/Editor/2020.3.25f1/Editor/Data/Resources/UnitySubsystems
[Subsystems] Discovering subsystems at path C:/Users/leoqu/Developer/Projects/Unity/Master Of Sky/Assets
GfxDevice: creating device client; threaded=0
Direct3D:
    Version:  Direct3D 11.0 [level 11.1]
    Renderer: AMD Radeon(TM) Vega 8 Graphics (ID=0x15d8)
    Vendor:   
    VRAM:     3028 MB
    Driver:   27.20.14501.28009
Initialize mono
Mono path[0] = 'C:/Program Files/Unity/Hub/Editor/2020.3.25f1/Editor/Data/Managed'
Mono path[1] = 'C:/Program Files/Unity/Hub/Editor/2020.3.25f1/Editor/Data/MonoBleedingEdge/lib/mono/unityjit'
Mono config path = 'C:/Program Files/Unity/Hub/Editor/2020.3.25f1/Editor/Data/MonoBleedingEdge/etc'
Using monoOptions --debugger-agent=transport=dt_socket,embedding=1,server=y,suspend=n,address=127.0.0.1:56756
Begin MonoManager ReloadAssembly
Registering precompiled unity dll's ...
Register platform support module: C:/Program Files/Unity/Hub/Editor/2020.3.25f1/Editor/Data/PlaybackEngines/WebGLSupport/UnityEditor.WebGL.Extensions.dll
Register platform support module: C:/Program Files/Unity/Hub/Editor/2020.3.25f1/Editor/Data/PlaybackEngines/WindowsStandaloneSupport/UnityEditor.WindowsStandalone.Extensions.dll
Registered in 0.003521 seconds.
Native extension for WindowsStandalone target not found
Native extension for WebGL target not found
Refreshing native plugins compatible for Editor in 55.09 ms, found 3 plugins.
Preloading 0 native plugins for Editor in 0.00 ms.
Mono: successfully reloaded assembly
- Completed reload, in  0.749 seconds
Domain Reload Profiling:
	ReloadAssembly (749ms)
		BeginReloadAssembly (72ms)
			ExecutionOrderSort (0ms)
			DisableScriptedObjects (0ms)
			BackupInstance (0ms)
			ReleaseScriptingObjects (0ms)
			CreateAndSetChildDomain (1ms)
		EndReloadAssembly (575ms)
			LoadAssemblies (68ms)
			RebuildTransferFunctionScriptingTraits (0ms)
			SetupTypeCache (187ms)
			ReleaseScriptCaches (0ms)
			RebuildScriptCaches (35ms)
			SetupLoadedEditorAssemblies (221ms)
				LogAssemblyErrors (0ms)
				InitializePlatformSupportModulesInManaged (6ms)
				SetLoadedEditorAssemblies (0ms)
				RefreshPlugins (55ms)
				BeforeProcessingInitializeOnLoad (23ms)
				ProcessInitializeOnLoadAttributes (100ms)
				ProcessInitializeOnLoadMethodAttributes (36ms)
				AfterProcessingInitializeOnLoad (0ms)
				EditorAssembliesLoaded (0ms)
			ExecutionOrderSort2 (0ms)
			AwakeInstancesAfterBackupRestoration (0ms)
Platform modules already initialized, skipping
Registering precompiled user dll's ...
Registered in 0.006900 seconds.
Begin MonoManager ReloadAssembly
Native extension for WindowsStandalone target not found
Native extension for WebGL target not found
Refreshing native plugins compatible for Editor in 52.66 ms, found 3 plugins.
Preloading 0 native plugins for Editor in 0.00 ms.
Mono: successfully reloaded assembly
- Completed reload, in  1.438 seconds
Domain Reload Profiling:
	ReloadAssembly (1440ms)
		BeginReloadAssembly (177ms)
			ExecutionOrderSort (0ms)
			DisableScriptedObjects (6ms)
			BackupInstance (0ms)
			ReleaseScriptingObjects (0ms)
			CreateAndSetChildDomain (22ms)
		EndReloadAssembly (1175ms)
			LoadAssemblies (120ms)
			RebuildTransferFunctionScriptingTraits (0ms)
			SetupTypeCache (387ms)
			ReleaseScriptCaches (1ms)
			RebuildScriptCaches (59ms)
			SetupLoadedEditorAssemblies (442ms)
				LogAssemblyErrors (0ms)
				InitializePlatformSupportModulesInManaged (6ms)
				SetLoadedEditorAssemblies (0ms)
				RefreshPlugins (53ms)
				BeforeProcessingInitializeOnLoad (103ms)
				ProcessInitializeOnLoadAttributes (246ms)
				ProcessInitializeOnLoadMethodAttributes (21ms)
				AfterProcessingInitializeOnLoad (12ms)
				EditorAssembliesLoaded (0ms)
			ExecutionOrderSort2 (0ms)
			AwakeInstancesAfterBackupRestoration (11ms)
Platform modules already initialized, skipping
========================================================================
Worker process is ready to serve import requests
Launched and connected shader compiler UnityShaderCompiler.exe after 0.07 seconds
Refreshing native plugins compatible for Editor in 0.56 ms, found 3 plugins.
Preloading 0 native plugins for Editor in 0.00 ms.
Unloading 2194 Unused Serialized files (Serialized files now loaded: 0)
System memory in use before: 95.8 MB.
System memory in use after: 95.9 MB.

Unloading 28 unused Assets to reduce memory usage. Loaded Objects now: 2627.
Total: 5.564400 ms (FindLiveObjects: 0.291100 ms CreateObjectMapping: 0.110400 ms MarkObjects: 5.056700 ms  DeleteObjects: 0.104100 ms)

AssetImportParameters requested are different than current active one (requested -> active):
  custom:framework-win-MediaFoundation: 216162199b28c13a410421893ffa2e32 -> 
  custom:video-decoder-ogg-theora: a1e56fd34408186e4bbccfd4996cb3dc -> 
  custom:container-muxer-webm: aa71ff27fc2769a1b78a27578f13a17b -> 
  custom:container-demuxer-webm: 4f35f7cbe854078d1ac9338744f61a02 -> 
  custom:container-demuxer-ogg: 62fdf1f143b41e24485cea50d1cbac27 -> 
  custom:video-encoder-webm-vp8: eb34c28f22e8b96e1ab97ce403110664 -> 
  custom:video-decoder-webm-vp8: 9c59270c3fd7afecdb556c50c9e8de78 -> 
  custom:audio-decoder-ogg-vorbis: bf7c407c2cedff20999df2af8eb42d56 -> 
  custom:audio-encoder-webm-vorbis: bf7c407c2cedff20999df2af8eb42d56 -> 
========================================================================
Received Import Request.
  path: Assets
  artifactKey: Guid(00000000000000001000000000000000) Importer(815301076,1909f56bfc062723c751e8b465ee728b)
Start importing Assets using Guid(00000000000000001000000000000000) Importer(815301076,1909f56bfc062723c751e8b465ee728b)  -> (artifact id: '42d402b061de3733987d63b9cc3b64de') in 0.013972 seconds 
  Import took 0.018966 seconds .

========================================================================
Received Import Request.
  Time since last request: 79.027109 seconds.
  path: Assets/Planes.png
  artifactKey: Guid(442df122a8eb65b4dabbfeda083a4639) Importer(815301076,1909f56bfc062723c751e8b465ee728b)
Start importing Assets/Planes.png using Guid(442df122a8eb65b4dabbfeda083a4639) Importer(815301076,1909f56bfc062723c751e8b465ee728b)  -> (artifact id: '4338891a6f3e31f4bc2ca95729f54c08') in 0.225800 seconds 
  Import took 0.230676 seconds .

========================================================================
Received Import Request.
  Time since last request: 20.249235 seconds.
  path: Assets/Titulo/1.png
  artifactKey: Guid(256f21d0f637150469e2f5f3c27000db) Importer(815301076,1909f56bfc062723c751e8b465ee728b)
Start importing Assets/Titulo/1.png using Guid(256f21d0f637150469e2f5f3c27000db) Importer(815301076,1909f56bfc062723c751e8b465ee728b)  -> (artifact id: '5afffe63517c148fedc64f2aa490a938') in 0.029125 seconds 
  Import took 0.035925 seconds .

========================================================================
Received Import Request.
  Time since last request: 1.770042 seconds.
  path: Assets/Titulo/3.png
  artifactKey: Guid(cbeed69f7c932ad43a39cd11bab8d20c) Importer(815301076,1909f56bfc062723c751e8b465ee728b)
Start importing Assets/Titulo/3.png using Guid(cbeed69f7c932ad43a39cd11bab8d20c) Importer(815301076,1909f56bfc062723c751e8b465ee728b)  -> (artifact id: '883b2bb76e95354ebf6a599f4f2d5094') in 0.032454 seconds 
  Import took 0.037641 seconds .

========================================================================
Received Import Request.
  Time since last request: 1.242248 seconds.
  path: Assets/Titulo/4.png
  artifactKey: Guid(186c3d98d4488b347baac25bfa826469) Importer(815301076,1909f56bfc062723c751e8b465ee728b)
Start importing Assets/Titulo/4.png using Guid(186c3d98d4488b347baac25bfa826469) Importer(815301076,1909f56bfc062723c751e8b465ee728b)  -> (artifact id: '7c72c86d9817714a37fa6bf8c9f3bd7a') in 0.030694 seconds 
  Import took 0.036112 seconds .

========================================================================
Received Import Request.
  Time since last request: 0.737946 seconds.
  path: Assets/Titulo/6.png
  artifactKey: Guid(5af58990b033ad94fbca40b60a1ac699) Importer(815301076,1909f56bfc062723c751e8b465ee728b)
Start importing Assets/Titulo/6.png using Guid(5af58990b033ad94fbca40b60a1ac699) Importer(815301076,1909f56bfc062723c751e8b465ee728b)  -> (artifact id: 'f887f58950ebf4a2a3bbc416a8fdaf5b') in 0.033089 seconds 
  Import took 0.039559 seconds .

========================================================================
Received Import Request.
  Time since last request: 1.037937 seconds.
  path: Assets/Titulo/7.png
  artifactKey: Guid(aeecca366638bc545bff0bb8f8826f79) Importer(815301076,1909f56bfc062723c751e8b465ee728b)
Start importing Assets/Titulo/7.png using Guid(aeecca366638bc545bff0bb8f8826f79) Importer(815301076,1909f56bfc062723c751e8b465ee728b)  -> (artifact id: 'c7bde19536c46dd77436719f7e3f4239') in 0.027824 seconds 
  Import took 0.033458 seconds .

========================================================================
Received Import Request.
  Time since last request: 1.021230 seconds.
  path: Assets/Titulo/thelice.png
  artifactKey: Guid(112660e7e37f2164a82285a16df43f5d) Importer(815301076,1909f56bfc062723c751e8b465ee728b)
Start importing Assets/Titulo/thelice.png using Guid(112660e7e37f2164a82285a16df43f5d) Importer(815301076,1909f56bfc062723c751e8b465ee728b)  -> (artifact id: 'b1af7e14e5ecc77dd11c6ddb0825cbd0') in 0.027465 seconds 
  Import took 0.033958 seconds .

========================================================================
Received Import Request.
  Time since last request: 2.335509 seconds.
  path: Assets/Titulo/titulo.png
  artifactKey: Guid(a7363e4e1f8d43f48b9cfa71ac941055) Importer(815301076,1909f56bfc062723c751e8b465ee728b)
Start importing Assets/Titulo/titulo.png using Guid(a7363e4e1f8d43f48b9cfa71ac941055) Importer(815301076,1909f56bfc062723c751e8b465ee728b)  -> (artifact id: '1370803267928d6eebf91b141de7d888') in 0.029057 seconds 
  Import took 0.034416 seconds .

========================================================================
Received Import Request.
  Time since last request: 237.244678 seconds.
  path: Assets/Planes.png
  artifactKey: Guid(442df122a8eb65b4dabbfeda083a4639) Importer(815301076,1909f56bfc062723c751e8b465ee728b)
Start importing Assets/Planes.png using Guid(442df122a8eb65b4dabbfeda083a4639) Importer(815301076,1909f56bfc062723c751e8b465ee728b)  -> (artifact id: 'e5153ccb9e139c3dc493b3a067fdba20') in 0.043996 seconds 
  Import took 0.053017 seconds .

========================================================================
Received Import Request.
  Time since last request: 122.716540 seconds.
  path: Assets/Planes.png
  artifactKey: Guid(442df122a8eb65b4dabbfeda083a4639) Importer(815301076,1909f56bfc062723c751e8b465ee728b)
Start importing Assets/Planes.png using Guid(442df122a8eb65b4dabbfeda083a4639) Importer(815301076,1909f56bfc062723c751e8b465ee728b)  -> (artifact id: '5c313025ebdde22f61ea66ac78cba0e9') in 0.121671 seconds 
  Import took 0.126927 seconds .

========================================================================
Received Prepare
Registering precompiled user dll's ...
Registered in 0.010609 seconds.
Begin MonoManager ReloadAssembly
Native extension for WindowsStandalone target not found
Native extension for WebGL target not found
Refreshing native plugins compatible for Editor in 0.60 ms, found 3 plugins.
Preloading 0 native plugins for Editor in 0.00 ms.
Mono: successfully reloaded assembly
- Completed reload, in  1.447 seconds
Domain Reload Profiling:
	ReloadAssembly (1448ms)
		BeginReloadAssembly (161ms)
			ExecutionOrderSort (0ms)
			DisableScriptedObjects (7ms)
			BackupInstance (0ms)
			ReleaseScriptingObjects (0ms)
			CreateAndSetChildDomain (50ms)
		EndReloadAssembly (1185ms)
			LoadAssemblies (134ms)
			RebuildTransferFunctionScriptingTraits (0ms)
			SetupTypeCache (422ms)
			ReleaseScriptCaches (2ms)
			RebuildScriptCaches (57ms)
			SetupLoadedEditorAssemblies (432ms)
				LogAssemblyErrors (0ms)
				InitializePlatformSupportModulesInManaged (8ms)
				SetLoadedEditorAssemblies (1ms)
				RefreshPlugins (1ms)
				BeforeProcessingInitializeOnLoad (107ms)
				ProcessInitializeOnLoadAttributes (292ms)
				ProcessInitializeOnLoadMethodAttributes (13ms)
				AfterProcessingInitializeOnLoad (10ms)
				EditorAssembliesLoaded (0ms)
			ExecutionOrderSort2 (0ms)
			AwakeInstancesAfterBackupRestoration (12ms)
Platform modules already initialized, skipping
Refreshing native plugins compatible for Editor in 0.59 ms, found 3 plugins.
Preloading 0 native plugins for Editor in 0.00 ms.
Unloading 2183 Unused Serialized files (Serialized files now loaded: 0)
System memory in use before: 98.1 MB.
System memory in use after: 98.2 MB.

Unloading 17 unused Assets to reduce memory usage. Loaded Objects now: 2669.
Total: 3.536400 ms (FindLiveObjects: 0.231900 ms CreateObjectMapping: 0.058400 ms MarkObjects: 3.220200 ms  DeleteObjects: 0.024200 ms)

AssetImportParameters requested are different than current active one (requested -> active):
  custom:framework-win-MediaFoundation: 216162199b28c13a410421893ffa2e32 -> 
  custom:video-decoder-ogg-theora: a1e56fd34408186e4bbccfd4996cb3dc -> 
  custom:container-muxer-webm: aa71ff27fc2769a1b78a27578f13a17b -> 
  custom:container-demuxer-webm: 4f35f7cbe854078d1ac9338744f61a02 -> 
  custom:container-demuxer-ogg: 62fdf1f143b41e24485cea50d1cbac27 -> 
  custom:video-encoder-webm-vp8: eb34c28f22e8b96e1ab97ce403110664 -> 
  custom:video-decoder-webm-vp8: 9c59270c3fd7afecdb556c50c9e8de78 -> 
  custom:audio-decoder-ogg-vorbis: bf7c407c2cedff20999df2af8eb42d56 -> 
  custom:audio-encoder-webm-vorbis: bf7c407c2cedff20999df2af8eb42d56 -> 
========================================================================
Received Prepare
Registering precompiled user dll's ...
Registered in 0.006384 seconds.
Begin MonoManager ReloadAssembly
Native extension for WindowsStandalone target not found
Native extension for WebGL target not found
Refreshing native plugins compatible for Editor in 0.57 ms, found 3 plugins.
Preloading 0 native plugins for Editor in 0.00 ms.
Mono: successfully reloaded assembly
- Completed reload, in  1.369 seconds
Domain Reload Profiling:
	ReloadAssembly (1369ms)
		BeginReloadAssembly (179ms)
			ExecutionOrderSort (0ms)
			DisableScriptedObjects (15ms)
			BackupInstance (0ms)
			ReleaseScriptingObjects (0ms)
			CreateAndSetChildDomain (47ms)
		EndReloadAssembly (1098ms)
			LoadAssemblies (134ms)
			RebuildTransferFunctionScriptingTraits (0ms)
			SetupTypeCache (375ms)
			ReleaseScriptCaches (1ms)
			RebuildScriptCaches (56ms)
			SetupLoadedEditorAssemblies (412ms)
				LogAssemblyErrors (0ms)
				InitializePlatformSupportModulesInManaged (6ms)
				SetLoadedEditorAssemblies (1ms)
				RefreshPlugins (1ms)
				BeforeProcessingInitializeOnLoad (107ms)
				ProcessInitializeOnLoadAttributes (271ms)
				ProcessInitializeOnLoadMethodAttributes (16ms)
				AfterProcessingInitializeOnLoad (10ms)
				EditorAssembliesLoaded (0ms)
			ExecutionOrderSort2 (0ms)
			AwakeInstancesAfterBackupRestoration (12ms)
Platform modules already initialized, skipping
Refreshing native plugins compatible for Editor in 0.57 ms, found 3 plugins.
Preloading 0 native plugins for Editor in 0.00 ms.
Unloading 2183 Unused Serialized files (Serialized files now loaded: 0)
System memory in use before: 98.2 MB.
System memory in use after: 98.3 MB.

Unloading 17 unused Assets to reduce memory usage. Loaded Objects now: 2671.
Total: 3.626900 ms (FindLiveObjects: 0.229300 ms CreateObjectMapping: 0.057000 ms MarkObjects: 3.316000 ms  DeleteObjects: 0.022400 ms)

AssetImportParameters requested are different than current active one (requested -> active):
  custom:framework-win-MediaFoundation: 216162199b28c13a410421893ffa2e32 -> 
  custom:video-decoder-ogg-theora: a1e56fd34408186e4bbccfd4996cb3dc -> 
  custom:container-muxer-webm: aa71ff27fc2769a1b78a27578f13a17b -> 
  custom:container-demuxer-webm: 4f35f7cbe854078d1ac9338744f61a02 -> 
  custom:container-demuxer-ogg: 62fdf1f143b41e24485cea50d1cbac27 -> 
  custom:video-encoder-webm-vp8: eb34c28f22e8b96e1ab97ce403110664 -> 
  custom:video-decoder-webm-vp8: 9c59270c3fd7afecdb556c50c9e8de78 -> 
  custom:audio-decoder-ogg-vorbis: bf7c407c2cedff20999df2af8eb42d56 -> 
  custom:audio-encoder-webm-vorbis: bf7c407c2cedff20999df2af8eb42d56 -> 
AssetImportWorkerClient::OnTransportError - code=2 error=End of file
